<?xml version="1.0" encoding="UTF-8"?>
<!-- Generated by org.testng.reporters.JUnitReportReporter -->
<testsuite hostname="AmriteshPC" failures="0" tests="3" name="organizationModule.OrgScenariosTest" time="0.000" errors="0" timestamp="2025-12-23T13:52:20 IST" skipped="3">
  <testcase classname="organizationModule.OrgScenariosTest" name="createOrgTest" time="0.000">
    <skipped/>
    <system-out>
      <![CDATA[createOrgTest : Test Execution Skipped
createOrgWithPhnoTest : Test Execution Started]]>
    </system-out>
  </testcase> <!-- createOrgTest -->
  <testcase classname="organizationModule.OrgScenariosTest" name="createOrgWithPhnoTest" time="0.000">
    <skipped/>
    <system-out>
      <![CDATA[createOrgWithPhnoTest : Test Execution Skipped
Suite Execution Finished -Adv report backup]]>
    </system-out>
  </testcase> <!-- createOrgWithPhnoTest -->
  <testcase classname="organizationModule.OrgScenariosTest" name="OrgWithIndAndTypeTest" time="0.000">
    <skipped/>
    <system-out>
      <![CDATA[OrgWithIndAndTypeTest : Test Execution Skipped
createOrgTest : Test Execution Started]]>
    </system-out>
  </testcase> <!-- OrgWithIndAndTypeTest -->
  <system-out>
    <![CDATA[Suite Execution started -Adv report configuration
Get connection with the Database
conWithOrgTest : Test Execution Started
conWithOrgTest : Test Execution Skipped
conWithSuppDateTest : Test Execution Started
conWithSuppDateTest : Test Execution Skipped
createConTest : Test Execution Started
createConTest : Test Execution Skipped
OrgWithIndAndTypeTest : Test Execution Started
OrgWithIndAndTypeTest : Test Execution Skipped
createOrgTest : Test Execution Started
createOrgTest : Test Execution Skipped
createOrgWithPhnoTest : Test Execution Started
createOrgWithPhnoTest : Test Execution Skipped
Suite Execution Finished -Adv report backup]]>
  </system-out>
</testsuite> <!-- organizationModule.OrgScenariosTest -->
